2024-09-27 21:22:29 - Listing EC2 Instances in us-east-1
2024-09-27 21:22:29 - Listing EC2 Instances in us-east-1
2024-09-27 21:24:48 - Listing EC2 Instances in us-east-1
2024-09-27 21:24:48 - Listing EC2 Instances in us-east-1
2024-09-27 21:25:28 - Listing EC2 Instances in us-east-1
2024-09-27 21:25:38 - Listing EC2 Instances in us-east-1
2024-09-27 23:08:21 - Listing EC2 Instances in us-east-1
2024-09-27 23:08:36 - Listing EC2 Instances in us-east-1
2024-09-27 23:08:44 - Listing EC2 Instances in us-east-1
2024-09-27 23:15:44 - Listing EC2 Instances in us-east-1
2024-09-27 23:25:00 - Listing EC2 Instances in us-east-1
2024-09-27 23:25:00 - Listing s3 buckets in us-east-1
2024-09-27 23:25:00 - Listing iam users in us-east-1
2024-09-27 23:25:00 - Listing lambda functions in us-east-1
2024-09-27 23:25:00 - Listing cloudwatch alarms in us-east-1
2024-09-27 23:25:00 - Listing hosted zones in us-east-1
2024-09-27 23:25:00 - Listing EC2 Instances in us-east-1
2024-09-27 23:25:00 - Listing s3 buckets in us-east-1
2024-09-27 23:25:00 - Listing iam users in us-east-1
2024-09-27 23:25:00 - Listing lambda functions in us-east-1
2024-09-27 23:25:00 - Listing cloudwatch alarms in us-east-1
2024-09-27 23:25:00 - Listing hosted zones in us-east-1
2024-09-27 23:25:00 - Listing EC2 Instances in us-east-1
2024-09-27 23:25:00 - Listing s3 buckets in us-east-1
2024-09-27 23:25:00 - Listing iam users in us-east-1
2024-09-27 23:25:00 - Listing lambda functions in us-east-1
2024-09-27 23:25:00 - Listing cloudwatch alarms in us-east-1
2024-09-27 23:25:00 - Listing hosted zones in us-east-1
2024-09-27 23:25:00 - Listing EC2 Instances in us-east-1
2024-09-27 23:25:00 - Listing s3 buckets in us-east-1
2024-09-27 23:25:00 - Listing iam users in us-east-1
2024-09-27 23:25:00 - Listing lambda functions in us-east-1
2024-09-27 23:25:00 - Listing cloudwatch alarms in us-east-1
2024-09-27 23:25:00 - Listing hosted zones in us-east-1
2024-09-27 23:25:00 - Listing EC2 Instances in us-east-1
2024-09-27 23:25:00 - Listing s3 buckets in us-east-1
2024-09-27 23:25:00 - Listing iam users in us-east-1
2024-09-27 23:25:00 - Listing lambda functions in us-east-1
2024-09-27 23:25:00 - Listing cloudwatch alarms in us-east-1
2024-09-27 23:25:00 - Listing hosted zones in us-east-1
2024-09-27 23:25:00 - Listing EC2 Instances in us-east-1
2024-09-27 23:25:00 - Listing s3 buckets in us-east-1
2024-09-27 23:25:00 - Listing iam users in us-east-1
2024-09-27 23:25:00 - Listing lambda functions in us-east-1
2024-09-27 23:25:00 - Listing cloudwatch alarms in us-east-1
2024-09-27 23:25:00 - Listing hosted zones in us-east-1
2024-09-27 23:27:45 - Listing EC2 Instances in us-east-1
2024-09-27 23:27:45 - Listing s3 buckets in us-east-1
2024-09-27 23:27:45 - Listing iam users in us-east-1
2024-09-27 23:27:45 - Listing lambda functions in us-east-1
2024-09-27 23:27:45 - Listing cloudwatch alarms in us-east-1
2024-09-27 23:27:45 - Listing hosted zones in us-east-1
2024-09-27 23:27:45 - Listing EC2 Instances in us-east-1
2024-09-27 23:27:45 - Listing s3 buckets in us-east-1
2024-09-27 23:27:45 - Listing iam users in us-east-1
2024-09-27 23:27:45 - Listing lambda functions in us-east-1
2024-09-27 23:27:45 - Listing cloudwatch alarms in us-east-1
2024-09-27 23:27:45 - Listing hosted zones in us-east-1
2024-09-27 23:27:45 - Listing EC2 Instances in us-east-1
2024-09-27 23:27:45 - Listing s3 buckets in us-east-1
2024-09-27 23:27:45 - Listing iam users in us-east-1
2024-09-27 23:27:45 - Listing lambda functions in us-east-1
2024-09-27 23:27:45 - Listing cloudwatch alarms in us-east-1
2024-09-27 23:27:45 - Listing hosted zones in us-east-1
2024-09-27 23:27:45 - Listing EC2 Instances in us-east-1
2024-09-27 23:27:45 - Listing s3 buckets in us-east-1
2024-09-27 23:27:45 - Listing iam users in us-east-1
2024-09-27 23:27:45 - Listing lambda functions in us-east-1
2024-09-27 23:27:45 - Listing cloudwatch alarms in us-east-1
2024-09-27 23:27:45 - Listing hosted zones in us-east-1
2024-09-27 23:27:45 - Listing EC2 Instances in us-east-1
2024-09-27 23:27:45 - Listing s3 buckets in us-east-1
2024-09-27 23:27:45 - Listing iam users in us-east-1
2024-09-27 23:27:45 - Listing lambda functions in us-east-1
2024-09-27 23:27:45 - Listing cloudwatch alarms in us-east-1
2024-09-27 23:27:45 - Listing hosted zones in us-east-1
2024-09-27 23:27:46 - Listing EC2 Instances in us-east-1
2024-09-27 23:27:46 - Listing s3 buckets in us-east-1
2024-09-27 23:27:46 - Listing iam users in us-east-1
2024-09-27 23:27:46 - Listing lambda functions in us-east-1
2024-09-27 23:27:46 - Listing cloudwatch alarms in us-east-1
2024-09-27 23:27:46 - Listing hosted zones in us-east-1
2024-09-27 23:28:55 - Listing EC2 Instances in us-east-1
2024-09-27 23:28:55 - Listing s3 buckets in us-east-1
2024-09-27 23:28:55 - Listing iam users in us-east-1
2024-09-27 23:28:55 - Listing lambda functions in us-east-1
2024-09-27 23:28:55 - Listing cloudwatch alarms in us-east-1
2024-09-27 23:28:55 - Listing hosted zones in us-east-1
2024-09-27 23:28:55 - Listing EC2 Instances in us-east-1
2024-09-27 23:28:55 - Listing s3 buckets in us-east-1
2024-09-27 23:28:55 - Listing iam users in us-east-1
2024-09-27 23:28:55 - Listing lambda functions in us-east-1
2024-09-27 23:28:55 - Listing cloudwatch alarms in us-east-1
2024-09-27 23:28:55 - Listing hosted zones in us-east-1
2024-09-27 23:28:55 - Listing EC2 Instances in us-east-1
2024-09-27 23:28:55 - Listing s3 buckets in us-east-1
2024-09-27 23:28:55 - Listing iam users in us-east-1
2024-09-27 23:28:55 - Listing lambda functions in us-east-1
2024-09-27 23:28:55 - Listing cloudwatch alarms in us-east-1
2024-09-27 23:28:55 - Listing hosted zones in us-east-1
2024-09-27 23:28:55 - Listing EC2 Instances in us-east-1
2024-09-27 23:28:55 - Listing s3 buckets in us-east-1
2024-09-27 23:28:55 - Listing iam users in us-east-1
2024-09-27 23:28:55 - Listing lambda functions in us-east-1
2024-09-27 23:28:55 - Listing cloudwatch alarms in us-east-1
2024-09-27 23:28:55 - Listing hosted zones in us-east-1
2024-09-27 23:28:55 - Listing EC2 Instances in us-east-1
2024-09-27 23:28:55 - Listing s3 buckets in us-east-1
2024-09-27 23:28:55 - Listing iam users in us-east-1
2024-09-27 23:28:55 - Listing lambda functions in us-east-1
2024-09-27 23:28:55 - Listing cloudwatch alarms in us-east-1
2024-09-27 23:28:55 - Listing hosted zones in us-east-1
2024-09-27 23:28:55 - Listing EC2 Instances in us-east-1
2024-09-27 23:28:55 - Listing s3 buckets in us-east-1
2024-09-27 23:28:55 - Listing iam users in us-east-1
2024-09-27 23:28:55 - Listing lambda functions in us-east-1
2024-09-27 23:28:55 - Listing cloudwatch alarms in us-east-1
2024-09-27 23:28:55 - Listing hosted zones in us-east-1
2024-09-27 23:30:58 - Listing EC2 Instances in us-east-1
2024-09-27 23:30:58 - Listing s3 buckets in us-east-1
2024-09-27 23:30:58 - Listing iam users in us-east-1
2024-09-27 23:30:58 - Listing lambda functions in us-east-1
2024-09-27 23:30:58 - Listing cloudwatch alarms in us-east-1
2024-09-27 23:30:58 - Listing hosted zones in us-east-1
2024-09-27 23:30:58 - Listing EC2 Instances in us-east-1
2024-09-27 23:30:58 - Listing s3 buckets in us-east-1
2024-09-27 23:30:58 - Listing iam users in us-east-1
2024-09-27 23:30:58 - Listing lambda functions in us-east-1
2024-09-27 23:30:58 - Listing cloudwatch alarms in us-east-1
2024-09-27 23:30:58 - Listing hosted zones in us-east-1
2024-09-27 23:30:58 - Listing EC2 Instances in us-east-1
2024-09-27 23:30:58 - Listing s3 buckets in us-east-1
2024-09-27 23:30:58 - Listing iam users in us-east-1
2024-09-27 23:30:58 - Listing lambda functions in us-east-1
2024-09-27 23:30:58 - Listing cloudwatch alarms in us-east-1
2024-09-27 23:30:58 - Listing hosted zones in us-east-1
2024-09-27 23:30:58 - Listing EC2 Instances in us-east-1
2024-09-27 23:30:58 - Listing s3 buckets in us-east-1
2024-09-27 23:30:58 - Listing iam users in us-east-1
2024-09-27 23:30:58 - Listing lambda functions in us-east-1
2024-09-27 23:30:58 - Listing cloudwatch alarms in us-east-1
2024-09-27 23:30:58 - Listing hosted zones in us-east-1
2024-09-27 23:30:58 - Listing EC2 Instances in us-east-1
2024-09-27 23:30:58 - Listing s3 buckets in us-east-1
2024-09-27 23:30:58 - Listing iam users in us-east-1
2024-09-27 23:30:58 - Listing lambda functions in us-east-1
2024-09-27 23:30:58 - Listing cloudwatch alarms in us-east-1
2024-09-27 23:30:58 - Listing hosted zones in us-east-1
2024-09-27 23:30:58 - Listing EC2 Instances in us-east-1
2024-09-27 23:30:58 - Listing s3 buckets in us-east-1
2024-09-27 23:30:58 - Listing iam users in us-east-1
2024-09-27 23:30:58 - Listing lambda functions in us-east-1
2024-09-27 23:30:58 - Listing cloudwatch alarms in us-east-1
2024-09-27 23:30:58 - Listing hosted zones in us-east-1
